Compiling build :dev to "resources/public/js/compiled/app.js" from ["src/cljs"]...
Successfully compiled build :dev to "resources/public/js/compiled/app.js" in 6.727 seconds.
notifying browser that file changed:  resources/public/js/compiled/out/goog/deps.js
notifying browser that file changed:  resources/public/js/compiled/out/cljs_deps.js
notifying browser that file changed:  resources\public\js\compiled\out\sonic\tests.js
Compiling build :dev to "resources/public/js/compiled/app.js" from ["src/cljs"]...
Successfully compiled build :dev to "resources/public/js/compiled/app.js" in 0.879 seconds.
notifying browser that file changed:  resources\public\js\compiled\out\sonic\tests.js
Compiling build :dev to "resources/public/js/compiled/app.js" from ["src/cljs"]...
Successfully compiled build :dev to "resources/public/js/compiled/app.js" in 0.828 seconds.
notifying browser that file changed:  resources\public\js\compiled\out\sonic\events.js
Compiling build :dev to "resources/public/js/compiled/app.js" from ["src/cljs"]...
Successfully compiled build :dev to "resources/public/js/compiled/app.js" in 0.842 seconds.
notifying browser that file changed:  resources\public\js\compiled\out\sonic\tests.js
Compiling build :dev to "resources/public/js/compiled/app.js" from ["src/cljs"]...
Successfully compiled build :dev to "resources/public/js/compiled/app.js" in 1.076 seconds.
notifying browser that file changed:  resources/public/js/compiled/out/goog/deps.js
notifying browser that file changed:  resources/public/js/compiled/out/cljs_deps.js
notifying browser that file changed:  resources\public\js\compiled\out\sonic\tests.js
Compiling build :dev to "resources/public/js/compiled/app.js" from ["src/cljs"]...
Successfully compiled build :dev to "resources/public/js/compiled/app.js" in 1.031 seconds.
notifying browser that file changed:  resources\public\js\compiled\out\sonic\tests.js
Compiling build :dev to "resources/public/js/compiled/app.js" from ["src/cljs"]...
Successfully compiled build :dev to "resources/public/js/compiled/app.js" in 0.98 seconds.
notifying browser that file changed:  resources\public\js\compiled\out\sonic\tests.js
Compiling build :dev to "resources/public/js/compiled/app.js" from ["src/cljs"]...
Successfully compiled build :dev to "resources/public/js/compiled/app.js" in 0.982 seconds.
notifying browser that file changed:  resources\public\js\compiled\out\sonic\tests.js
Compiling build :dev to "resources/public/js/compiled/app.js" from ["src/cljs"]...
Successfully compiled build :dev to "resources/public/js/compiled/app.js" in 0.923 seconds.
notifying browser that file changed:  resources\public\js\compiled\out\sonic\tests.js
Compiling build :dev to "resources/public/js/compiled/app.js" from ["src/cljs"]...
Successfully compiled build :dev to "resources/public/js/compiled/app.js" in 0.8 seconds.
notifying browser that file changed:  resources\public\js\compiled\out\sonic\tests.js
Compiling build :dev to "resources/public/js/compiled/app.js" from ["src/cljs"]...
Successfully compiled build :dev to "resources/public/js/compiled/app.js" in 0.791 seconds.
notifying browser that file changed:  resources\public\js\compiled\out\sonic\tests.js
Compiling build :dev to "resources/public/js/compiled/app.js" from ["src/cljs"]...
Successfully compiled build :dev to "resources/public/js/compiled/app.js" in 0.872 seconds.
notifying browser that file changed:  resources\public\js\compiled\out\sonic\tests.js
Compiling build :dev to "resources/public/js/compiled/app.js" from ["src/cljs"]...
Successfully compiled build :dev to "resources/public/js/compiled/app.js" in 1.005 seconds.
notifying browser that file changed:  resources\public\js\compiled\out\sonic\events.js
Compiling build :dev to "resources/public/js/compiled/app.js" from ["src/cljs"]...
Successfully compiled build :dev to "resources/public/js/compiled/app.js" in 0.832 seconds.
notifying browser that file changed:  resources\public\js\compiled\out\sonic\tests.js
Compiling build :dev to "resources/public/js/compiled/app.js" from ["src/cljs"]...
Successfully compiled build :dev to "resources/public/js/compiled/app.js" in 0.965 seconds.
notifying browser that file changed:  resources\public\js\compiled\out\sonic\events.js
Compiling build :dev to "resources/public/js/compiled/app.js" from ["src/cljs"]...
Successfully compiled build :dev to "resources/public/js/compiled/app.js" in 0.814 seconds.
notifying browser that file changed:  resources\public\js\compiled\out\sonic\tests.js
Compiling build :dev to "resources/public/js/compiled/app.js" from ["src/cljs"]...
Successfully compiled build :dev to "resources/public/js/compiled/app.js" in 0.962 seconds.
notifying browser that file changed:  resources\public\js\compiled\out\sonic\tests.js
Compiling build :dev to "resources/public/js/compiled/app.js" from ["src/cljs"]...
Successfully compiled build :dev to "resources/public/js/compiled/app.js" in 0.864 seconds.
notifying browser that file changed:  resources\public\js\compiled\out\sonic\tests.js
Compiling build :dev to "resources/public/js/compiled/app.js" from ["src/cljs"]...
Successfully compiled build :dev to "resources/public/js/compiled/app.js" in 0.683 seconds.
notifying browser that file changed:  resources\public\js\compiled\out\sonic\events.js
Compiling build :dev to "resources/public/js/compiled/app.js" from ["src/cljs"]...
----  Compiler Warning on   src/cljs/sonic/events.cljs   line:103  column:48  ----

  Use of undeclared Var sonic.events/newShields

   99          newShields (+ shieldsCurrentValue shieldsStrength)]
  100      (assoc ship :shields (if (> newShields shieldsMax)
  101                             shieldsMax
  102                             newShields)))
  103      (core/devLog (str "shields boosted by " (- newShields shieldsCurrentValue))))
                                                      ^--- Use of undeclared Var sonic.events/newShields
  104  
  105  ;toggles firing mode for player to select target
  106  (rf/reg-event-fx
  107    :actionFire
  108    (fn [cofx event]

----  Compiler Warning : Please see src/cljs/sonic/events.cljs  ----
----  Compiler Warning on   src/cljs/sonic/events.cljs   line:103  column:59  ----

  Use of undeclared Var sonic.events/shieldsCurrentValue

   99          newShields (+ shieldsCurrentValue shieldsStrength)]
  100      (assoc ship :shields (if (> newShields shieldsMax)
  101                             shieldsMax
  102                             newShields)))
  103      (core/devLog (str "shields boosted by " (- newShields shieldsCurrentValue))))
                                                                 ^--- Use of undeclared Var sonic.events/shieldsCurrentValue
  104  
  105  ;toggles firing mode for player to select target
  106  (rf/reg-event-fx
  107    :actionFire
  108    (fn [cofx event]

----  Compiler Warning : Please see src/cljs/sonic/events.cljs  ----
Successfully compiled build :dev to "resources/public/js/compiled/app.js" in 0.829 seconds.
notifying browser that file changed:  resources\public\js\compiled\out\sonic\events.js
Compiling build :dev to "resources/public/js/compiled/app.js" from ["src/cljs"]...
Failed to compile build :dev from ["src/cljs"] in 0.384 seconds.
----  Could not Read  src/cljs/sonic/events.cljs   line:382 ----

  C:\Users\Kevin\Documents\sonic-master\src\cljs\sonic\events.cljs [line 382, col 1] Unexpected EOF while reading item 28 of list, starting at line 91 and column 1.

----  Reader Error : Please see src/cljs/sonic/events.cljs  ----
Compiling build :dev to "resources/public/js/compiled/app.js" from ["src/cljs"]...
Failed to compile build :dev from ["src/cljs"] in 0.335 seconds.
----  Could not Read  src/cljs/sonic/events.cljs   line:119 ----

  C:\Users\Kevin\Documents\sonic-master\src\cljs\sonic\events.cljs [line 119, col 29] Unmatched delimiter }.

  117    (core/devLog "player charging shields")
  118    {:db (assoc (:db cofx) :playerShip (chargeShields @(rf/subscribe [:playerShip]) (diceRoll))
  119     :dispatch [:changePhase]})
          C:\Users\Kevin\Documents\sonic-master\src\cljs\sonic\events.cljs [line 119, col 29] Unmatched delimiter }.
  120  
  121  
  122  (rf/reg-event-fx

----  Reader Error : Please see src/cljs/sonic/events.cljs  ----
Compiling build :dev to "resources/public/js/compiled/app.js" from ["src/cljs"]...
Failed to compile build :dev from ["src/cljs"] in 0.345 seconds.
----  Could not Read  src/cljs/sonic/events.cljs   line:119 ----

  C:\Users\Kevin\Documents\sonic-master\src\cljs\sonic\events.cljs [line 119, col 29] Unmatched delimiter }.

  117    (core/devLog "player charging shields")
  118    {:db (assoc (:db cofx) :playerShip (chargeShields @(rf/subscribe [:playerShip]) 1)
  119     :dispatch [:changePhase]})
          C:\Users\Kevin\Documents\sonic-master\src\cljs\sonic\events.cljs [line 119, col 29] Unmatched delimiter }.
  120  
  121  
  122  (rf/reg-event-fx

----  Reader Error : Please see src/cljs/sonic/events.cljs  ----
Compiling build :dev to "resources/public/js/compiled/app.js" from ["src/cljs"]...
Failed to compile build :dev from ["src/cljs"] in 0.362 seconds.
----  Could not Read  src/cljs/sonic/events.cljs   line:119 ----

  C:\Users\Kevin\Documents\sonic-master\src\cljs\sonic\events.cljs [line 119, col 29] Unmatched delimiter }.

  117    (core/devLog "player charging shields")
  118    {:db (assoc (:db cofx) :playerShip (chargeShields @(rf/subscribe [:playerShip] (diceRoll)))
  119     :dispatch [:changePhase]})
          C:\Users\Kevin\Documents\sonic-master\src\cljs\sonic\events.cljs [line 119, col 29] Unmatched delimiter }.
  120  
  121  
  122  (rf/reg-event-fx

----  Reader Error : Please see src/cljs/sonic/events.cljs  ----
Compiling build :dev to "resources/public/js/compiled/app.js" from ["src/cljs"]...
Failed to compile build :dev from ["src/cljs"] in 0.36 seconds.
----  Could not Read  src/cljs/sonic/events.cljs   line:119 ----

  C:\Users\Kevin\Documents\sonic-master\src\cljs\sonic\events.cljs [line 119, col 29] Unmatched delimiter }.

  117    (core/devLog "player charging shields")
  118    {:db (assoc (:db cofx) :playerShip (chargeShields @(rf/subscribe [:playerShip] (diceRoll)))
  119     :dispatch [:changePhase]})
          C:\Users\Kevin\Documents\sonic-master\src\cljs\sonic\events.cljs [line 119, col 29] Unmatched delimiter }.
  120  
  121  
  122  (rf/reg-event-fx

----  Reader Error : Please see src/cljs/sonic/events.cljs  ----
Compiling build :dev to "resources/public/js/compiled/app.js" from ["src/cljs"]...
Failed to compile build :dev from ["src/cljs"] in 0.371 seconds.
----  Could not Read  src/cljs/sonic/events.cljs   line:119 ----

  C:\Users\Kevin\Documents\sonic-master\src\cljs\sonic\events.cljs [line 119, col 29] Unmatched delimiter }.

  117    (core/devLog "player charging shields")
  118    {:db (assoc (:db cofx) :playerShip (chargeShields @(rf/subscribe [:playerShip] (diceRoll)))
  119     :dispatch [:changePhase]})
          C:\Users\Kevin\Documents\sonic-master\src\cljs\sonic\events.cljs [line 119, col 29] Unmatched delimiter }.
  120  
  121  
  122  (rf/reg-event-fx

----  Reader Error : Please see src/cljs/sonic/events.cljs  ----
Compiling build :dev to "resources/public/js/compiled/app.js" from ["src/cljs"]...
Failed to compile build :dev from ["src/cljs"] in 0.377 seconds.
----  Could not Read  src/cljs/sonic/events.cljs   line:119 ----

  C:\Users\Kevin\Documents\sonic-master\src\cljs\sonic\events.cljs [line 119, col 29] Unmatched delimiter }.

  117    (core/devLog "player charging shields")
  118    {:db (assoc (:db cofx) :playerShip (chargeShields @(rf/subscribe [:playerShip] (diceRoll)))
  119     :dispatch [:changePhase]}))
          C:\Users\Kevin\Documents\sonic-master\src\cljs\sonic\events.cljs [line 119, col 29] Unmatched delimiter }.
  120  
  121  
  122  (rf/reg-event-fx

----  Reader Error : Please see src/cljs/sonic/events.cljs  ----
Compiling build :dev to "resources/public/js/compiled/app.js" from ["src/cljs"]...
Failed to compile build :dev from ["src/cljs"] in 0.392 seconds.
----  Could not Read  src/cljs/sonic/events.cljs   line:119 ----

  C:\Users\Kevin\Documents\sonic-master\src\cljs\sonic\events.cljs [line 119, col 29] Unmatched delimiter }.

  117    (core/devLog "player charging shields")
  118    {:db (assoc (:db cofx) :playerShip (chargeShields @(rf/subscribe [:playerShip] (diceRoll)))
  119     :dispatch [:changePhase]}))
          C:\Users\Kevin\Documents\sonic-master\src\cljs\sonic\events.cljs [line 119, col 29] Unmatched delimiter }.
  120  
  121  
  122  (rf/reg-event-fx

----  Reader Error : Please see src/cljs/sonic/events.cljs  ----
Compiling build :dev to "resources/public/js/compiled/app.js" from ["src/cljs"]...
Failed to compile build :dev from ["src/cljs"] in 0.369 seconds.
----  Could not Read  src/cljs/sonic/events.cljs   line:382 ----

  C:\Users\Kevin\Documents\sonic-master\src\cljs\sonic\events.cljs [line 382, col 1] Unexpected EOF while reading item 21 of list, starting at line 145 and column 1.

----  Reader Error : Please see src/cljs/sonic/events.cljs  ----
Compiling build :dev to "resources/public/js/compiled/app.js" from ["src/cljs"]...
Successfully compiled build :dev to "resources/public/js/compiled/app.js" in 0.69 seconds.
notifying browser that file changed:  resources\public\js\compiled\out\sonic\events.js
Compiling build :dev to "resources/public/js/compiled/app.js" from ["src/cljs"]...
Successfully compiled build :dev to "resources/public/js/compiled/app.js" in 0.722 seconds.
notifying browser that file changed:  resources\public\js\compiled\out\sonic\events.js
Compiling build :dev to "resources/public/js/compiled/app.js" from ["src/cljs"]...
Successfully compiled build :dev to "resources/public/js/compiled/app.js" in 0.736 seconds.
notifying browser that file changed:  resources\public\js\compiled\out\sonic\events.js
Compiling build :dev to "resources/public/js/compiled/app.js" from ["src/cljs"]...
Successfully compiled build :dev to "resources/public/js/compiled/app.js" in 0.888 seconds.
notifying browser that file changed:  resources\public\js\compiled\out\sonic\tests.js
Compiling build :dev to "resources/public/js/compiled/app.js" from ["src/cljs"]...
Successfully compiled build :dev to "resources/public/js/compiled/app.js" in 0.676 seconds.
notifying browser that file changed:  resources\public\js\compiled\out\sonic\events.js
Compiling build :dev to "resources/public/js/compiled/app.js" from ["src/cljs"]...
Successfully compiled build :dev to "resources/public/js/compiled/app.js" in 0.697 seconds.
notifying browser that file changed:  resources\public\js\compiled\out\sonic\tests.js
Compiling build :dev to "resources/public/js/compiled/app.js" from ["src/cljs"]...
Successfully compiled build :dev to "resources/public/js/compiled/app.js" in 0.71 seconds.
notifying browser that file changed:  resources\public\js\compiled\out\sonic\events.js
Compiling build :dev to "resources/public/js/compiled/app.js" from ["src/cljs"]...
Successfully compiled build :dev to "resources/public/js/compiled/app.js" in 0.721 seconds.
notifying browser that file changed:  resources\public\js\compiled\out\sonic\tests.js
Compiling build :dev to "resources/public/js/compiled/app.js" from ["src/cljs"]...
Successfully compiled build :dev to "resources/public/js/compiled/app.js" in 0.653 seconds.
notifying browser that file changed:  resources\public\js\compiled\out\sonic\events.js
Compiling build :dev to "resources/public/js/compiled/app.js" from ["src/cljs"]...
Successfully compiled build :dev to "resources/public/js/compiled/app.js" in 0.733 seconds.
notifying browser that file changed:  resources\public\js\compiled\out\sonic\tests.js
Compiling build :dev to "resources/public/js/compiled/app.js" from ["src/cljs"]...
Successfully compiled build :dev to "resources/public/js/compiled/app.js" in 0.745 seconds.
notifying browser that file changed:  resources\public\js\compiled\out\sonic\events.js
Compiling build :dev to "resources/public/js/compiled/app.js" from ["src/cljs"]...
Successfully compiled build :dev to "resources/public/js/compiled/app.js" in 0.685 seconds.
notifying browser that file changed:  resources\public\js\compiled\out\sonic\tests.js
Compiling build :dev to "resources/public/js/compiled/app.js" from ["src/cljs"]...
Successfully compiled build :dev to "resources/public/js/compiled/app.js" in 0.678 seconds.
notifying browser that file changed:  resources\public\js\compiled\out\sonic\events.js
Compiling build :dev to "resources/public/js/compiled/app.js" from ["src/cljs"]...
Successfully compiled build :dev to "resources/public/js/compiled/app.js" in 0.782 seconds.
notifying browser that file changed:  resources\public\js\compiled\out\sonic\tests.js
Compiling build :dev to "resources/public/js/compiled/app.js" from ["src/cljs"]...
Successfully compiled build :dev to "resources/public/js/compiled/app.js" in 0.659 seconds.
notifying browser that file changed:  resources\public\js\compiled\out\sonic\events.js
Compiling build :dev to "resources/public/js/compiled/app.js" from ["src/cljs"]...
Successfully compiled build :dev to "resources/public/js/compiled/app.js" in 0.629 seconds.
notifying browser that file changed:  resources\public\js\compiled\out\sonic\core.js
Compiling build :dev to "resources/public/js/compiled/app.js" from ["src/cljs"]...
Successfully compiled build :dev to "resources/public/js/compiled/app.js" in 0.648 seconds.
notifying browser that file changed:  resources\public\js\compiled\out\sonic\events.js
Compiling build :dev to "resources/public/js/compiled/app.js" from ["src/cljs"]...
Successfully compiled build :dev to "resources/public/js/compiled/app.js" in 0.694 seconds.
notifying browser that file changed:  resources\public\js\compiled\out\sonic\core.js
Compiling build :dev to "resources/public/js/compiled/app.js" from ["src/cljs"]...
Successfully compiled build :dev to "resources/public/js/compiled/app.js" in 0.607 seconds.
notifying browser that file changed:  resources\public\js\compiled\out\sonic\events.js
Compiling build :dev to "resources/public/js/compiled/app.js" from ["src/cljs"]...
Successfully compiled build :dev to "resources/public/js/compiled/app.js" in 0.855 seconds.
notifying browser that file changed:  resources\public\js\compiled\out\sonic\tests.js
Compiling build :dev to "resources/public/js/compiled/app.js" from ["src/cljs"]...
Successfully compiled build :dev to "resources/public/js/compiled/app.js" in 0.691 seconds.
notifying browser that file changed:  resources\public\js\compiled\out\sonic\core.js
Compiling build :dev to "resources/public/js/compiled/app.js" from ["src/cljs"]...
Successfully compiled build :dev to "resources/public/js/compiled/app.js" in 0.809 seconds.
notifying browser that file changed:  resources\public\js\compiled\out\sonic\events.js
Compiling build :dev to "resources/public/js/compiled/app.js" from ["src/cljs"]...
----  Compiler Warning on   src/cljs/sonic/events.cljs   line:104  column:48  ----

  Use of undeclared Var sonic.events/newShields

  101      (assoc ship :shields (if (> newShields shieldsMax)
  102                             shieldsMax
  103                             newShields)))
  104      (core/devLog (str "shields boosted by " (- newShields shieldsCurrentValue))))
                                                      ^--- Use of undeclared Var sonic.events/newShields
  105      
  106  
  107  ;toggles firing mode for player to select target
  108  (rf/reg-event-fx
  109    :actionFire

----  Compiler Warning : Please see src/cljs/sonic/events.cljs  ----
----  Compiler Warning on   src/cljs/sonic/events.cljs   line:104  column:59  ----

  Use of undeclared Var sonic.events/shieldsCurrentValue

  101      (assoc ship :shields (if (> newShields shieldsMax)
  102                             shieldsMax
  103                             newShields)))
  104      (core/devLog (str "shields boosted by " (- newShields shieldsCurrentValue))))
                                                                 ^--- Use of undeclared Var sonic.events/shieldsCurrentValue
  105      
  106  
  107  ;toggles firing mode for player to select target
  108  (rf/reg-event-fx
  109    :actionFire

----  Compiler Warning : Please see src/cljs/sonic/events.cljs  ----
Successfully compiled build :dev to "resources/public/js/compiled/app.js" in 0.722 seconds.
notifying browser that file changed:  resources\public\js\compiled\out\sonic\events.js
Compiling build :dev to "resources/public/js/compiled/app.js" from ["src/cljs"]...
----  Compiler Warning on   src/cljs/sonic/events.cljs   line:104  column:48  ----

  Use of undeclared Var sonic.events/newShields

  101      (assoc ship :shields (if (> newShields shieldsMax)
  102                             shieldsMax
  103                             newShields)))
  104      (core/devLog (str "shields boosted by " (- newShields shieldsCurrentValue))))
                                                      ^--- Use of undeclared Var sonic.events/newShields
  105      
  106  
  107  ;toggles firing mode for player to select target
  108  (rf/reg-event-fx
  109    :actionFire

----  Compiler Warning : Please see src/cljs/sonic/events.cljs  ----
----  Compiler Warning on   src/cljs/sonic/events.cljs   line:104  column:59  ----

  Use of undeclared Var sonic.events/shieldsCurrentValue

  101      (assoc ship :shields (if (> newShields shieldsMax)
  102                             shieldsMax
  103                             newShields)))
  104      (core/devLog (str "shields boosted by " (- newShields shieldsCurrentValue))))
                                                                 ^--- Use of undeclared Var sonic.events/shieldsCurrentValue
  105      
  106  
  107  ;toggles firing mode for player to select target
  108  (rf/reg-event-fx
  109    :actionFire

----  Compiler Warning : Please see src/cljs/sonic/events.cljs  ----
Successfully compiled build :dev to "resources/public/js/compiled/app.js" in 0.767 seconds.
notifying browser that file changed:  resources\public\js\compiled\out\sonic\tests.js
Compiling build :dev to "resources/public/js/compiled/app.js" from ["src/cljs"]...
----  Compiler Warning on   src/cljs/sonic/events.cljs   line:104  column:48  ----

  Use of undeclared Var sonic.events/newShields

  101      (assoc ship :shields (if (> newShields shieldsMax)
  102                             shieldsMax
  103                             newShields)))
  104      (core/devLog (str "shields boosted by " (- newShields shieldsCurrentValue))))
                                                      ^--- Use of undeclared Var sonic.events/newShields
  105      
  106  
  107  ;toggles firing mode for player to select target
  108  (rf/reg-event-fx
  109    :actionFire

----  Compiler Warning : Please see src/cljs/sonic/events.cljs  ----
----  Compiler Warning on   src/cljs/sonic/events.cljs   line:104  column:59  ----

  Use of undeclared Var sonic.events/shieldsCurrentValue

  101      (assoc ship :shields (if (> newShields shieldsMax)
  102                             shieldsMax
  103                             newShields)))
  104      (core/devLog (str "shields boosted by " (- newShields shieldsCurrentValue))))
                                                                 ^--- Use of undeclared Var sonic.events/shieldsCurrentValue
  105      
  106  
  107  ;toggles firing mode for player to select target
  108  (rf/reg-event-fx
  109    :actionFire

----  Compiler Warning : Please see src/cljs/sonic/events.cljs  ----
Successfully compiled build :dev to "resources/public/js/compiled/app.js" in 0.724 seconds.
notifying browser that file changed:  resources\public\js\compiled\out\sonic\core.js
Compiling build :dev to "resources/public/js/compiled/app.js" from ["src/cljs"]...
----  Compiler Warning on   src/cljs/sonic/events.cljs   line:104  column:48  ----

  Use of undeclared Var sonic.events/newShields

  101      (assoc ship :shields (if (> newShields shieldsMax)
  102                             shieldsMax
  103                             newShields)))
  104      (core/devLog (str "shields boosted by " (- newShields shieldsCurrentValue))))
                                                      ^--- Use of undeclared Var sonic.events/newShields
  105      
  106  
  107  ;toggles firing mode for player to select target
  108  (rf/reg-event-fx
  109    :actionFire

----  Compiler Warning : Please see src/cljs/sonic/events.cljs  ----
----  Compiler Warning on   src/cljs/sonic/events.cljs   line:104  column:59  ----

  Use of undeclared Var sonic.events/shieldsCurrentValue

  101      (assoc ship :shields (if (> newShields shieldsMax)
  102                             shieldsMax
  103                             newShields)))
  104      (core/devLog (str "shields boosted by " (- newShields shieldsCurrentValue))))
                                                                 ^--- Use of undeclared Var sonic.events/shieldsCurrentValue
  105      
  106  
  107  ;toggles firing mode for player to select target
  108  (rf/reg-event-fx
  109    :actionFire

----  Compiler Warning : Please see src/cljs/sonic/events.cljs  ----
Successfully compiled build :dev to "resources/public/js/compiled/app.js" in 0.751 seconds.
notifying browser that file changed:  resources\public\js\compiled\out\sonic\tests.js
Compiling build :dev to "resources/public/js/compiled/app.js" from ["src/cljs"]...
Successfully compiled build :dev to "resources/public/js/compiled/app.js" in 0.666 seconds.
notifying browser that file changed:  resources\public\js\compiled\out\sonic\events.js
Compiling build :dev to "resources/public/js/compiled/app.js" from ["src/cljs"]...
Successfully compiled build :dev to "resources/public/js/compiled/app.js" in 0.717 seconds.
notifying browser that file changed:  resources\public\js\compiled\out\sonic\db.js
Compiling build :dev to "resources/public/js/compiled/app.js" from ["src/cljs"]...
Successfully compiled build :dev to "resources/public/js/compiled/app.js" in 0.688 seconds.
notifying browser that file changed:  resources\public\js\compiled\out\sonic\tests.js
Compiling build :dev to "resources/public/js/compiled/app.js" from ["src/cljs"]...
Successfully compiled build :dev to "resources/public/js/compiled/app.js" in 0.708 seconds.
notifying browser that file changed:  resources\public\js\compiled\out\sonic\events.js
Compiling build :dev to "resources/public/js/compiled/app.js" from ["src/cljs"]...
Successfully compiled build :dev to "resources/public/js/compiled/app.js" in 0.727 seconds.
notifying browser that file changed:  resources\public\js\compiled\out\sonic\events.js
Compiling build :dev to "resources/public/js/compiled/app.js" from ["src/cljs"]...
Successfully compiled build :dev to "resources/public/js/compiled/app.js" in 0.917 seconds.
notifying browser that file changed:  resources\public\js\compiled\out\sonic\tests.js
Compiling build :dev to "resources/public/js/compiled/app.js" from ["src/cljs"]...
Successfully compiled build :dev to "resources/public/js/compiled/app.js" in 0.711 seconds.
notifying browser that file changed:  resources\public\js\compiled\out\sonic\events.js
Compiling build :dev to "resources/public/js/compiled/app.js" from ["src/cljs"]...
Successfully compiled build :dev to "resources/public/js/compiled/app.js" in 0.69 seconds.
notifying browser that file changed:  resources\public\js\compiled\out\sonic\events.js
Compiling build :dev to "resources/public/js/compiled/app.js" from ["src/cljs"]...
Failed to compile build :dev from ["src/cljs"] in 1.646 seconds.
----  Could not Read  src/cljs/sonic/tests.cljs   line:43 ----

  C:\Users\Kevin\Documents\sonic-master\src\cljs\sonic\tests.cljs [line 43, col 1] Unexpected EOF while reading item 11 of list, starting at line 12 and column 1.

----  Reader Error : Please see src/cljs/sonic/tests.cljs  ----
Compiling build :dev to "resources/public/js/compiled/app.js" from ["src/cljs"]...
Successfully compiled build :dev to "resources/public/js/compiled/app.js" in 1.296 seconds.
notifying browser that file changed:  resources/public/js/compiled/out/goog/deps.js
notifying browser that file changed:  resources/public/js/compiled/out/cljs_deps.js
notifying browser that file changed:  resources\public\js\compiled\out\sonic\tests.js
Compiling build :dev to "resources/public/js/compiled/app.js" from ["src/cljs"]...
----  Compiler Warning on   src/cljs/sonic/tests.cljs   line:37  column:17  ----

  Use of undeclared Var sonic.tests/systemDisabled?

  33                  (:shields))))
  34    (is (= 100 (-> (events/chargeShields (:playerShip db/default-db) 10)
  35                  (:shields))))
  36    (is (= 100 (events/calcShieldsMax 1)))
  37    (is (= false (systemDisabled? (:playerShip :engines))))
                      ^--- Use of undeclared Var sonic.tests/systemDisabled?
  38  
  39  
  40    )
  41  
  42  (run-tests)

----  Compiler Warning : Please see src/cljs/sonic/tests.cljs  ----
Successfully compiled build :dev to "resources/public/js/compiled/app.js" in 1.035 seconds.
notifying browser that file changed:  resources\public\js\compiled\out\sonic\tests.js
Compiling build :dev to "resources/public/js/compiled/app.js" from ["src/cljs"]...
----  Compiler Warning on   src/cljs/sonic/tests.cljs   line:37  column:16  ----

  Wrong number of args (1) passed to sonic.events/systemDisabled?

  33                  (:shields))))
  34    (is (= 100 (-> (events/chargeShields (:playerShip db/default-db) 10)
  35                  (:shields))))
  36    (is (= 100 (events/calcShieldsMax 1)))
  37    (is (= false (events/systemDisabled? (:playerShip :engines))))
                     ^--- Wrong number of args (1) passed to sonic.events/systemDisabled?
  38  
  39  
  40    )
  41  
  42  (run-tests)

----  Compiler Warning : Please see src/cljs/sonic/tests.cljs  ----
Successfully compiled build :dev to "resources/public/js/compiled/app.js" in 1.111 seconds.
notifying browser that file changed:  resources\public\js\compiled\out\sonic\tests.js
Compiling build :dev to "resources/public/js/compiled/app.js" from ["src/cljs"]...
Successfully compiled build :dev to "resources/public/js/compiled/app.js" in 0.968 seconds.
notifying browser that file changed:  resources\public\js\compiled\out\sonic\tests.js
Compiling build :dev to "resources/public/js/compiled/app.js" from ["src/cljs"]...
----  Compiler Warning on   src/cljs/sonic/tests.cljs   line:37  column:40  ----

  Use of undeclared Var sonic.tests/playerShip

  33                  (:shields))))
  34    (is (= 100 (-> (events/chargeShields (:playerShip db/default-db) 10)
  35                  (:shields))))
  36    (is (= 100 (events/calcShieldsMax 1)))
  37    (is (= false (events/systemDisabled? playerShip :engines)))
                                             ^--- Use of undeclared Var sonic.tests/playerShip
  38  
  39  
  40    )
  41  
  42  (run-tests)

----  Compiler Warning : Please see src/cljs/sonic/tests.cljs  ----
Successfully compiled build :dev to "resources/public/js/compiled/app.js" in 0.922 seconds.
notifying browser that file changed:  resources\public\js\compiled\out\sonic\tests.js
Compiling build :dev to "resources/public/js/compiled/app.js" from ["src/cljs"]...
Successfully compiled build :dev to "resources/public/js/compiled/app.js" in 0.852 seconds.
notifying browser that file changed:  resources\public\js\compiled\out\sonic\tests.js
Compiling build :dev to "resources/public/js/compiled/app.js" from ["src/cljs"]...
Successfully compiled build :dev to "resources/public/js/compiled/app.js" in 0.864 seconds.
notifying browser that file changed:  resources\public\js\compiled\out\sonic\tests.js
Compiling build :dev to "resources/public/js/compiled/app.js" from ["src/cljs"]...
Successfully compiled build :dev to "resources/public/js/compiled/app.js" in 0.756 seconds.
notifying browser that file changed:  resources\public\js\compiled\out\sonic\tests.js
Compiling build :dev to "resources/public/js/compiled/app.js" from ["src/cljs"]...
Successfully compiled build :dev to "resources/public/js/compiled/app.js" in 0.896 seconds.
notifying browser that file changed:  resources\public\js\compiled\out\sonic\tests.js
Compiling build :dev to "resources/public/js/compiled/app.js" from ["src/cljs"]...
Successfully compiled build :dev to "resources/public/js/compiled/app.js" in 0.792 seconds.
notifying browser that file changed:  resources\public\js\compiled\out\sonic\tests.js
Compiling build :dev to "resources/public/js/compiled/app.js" from ["src/cljs"]...
Successfully compiled build :dev to "resources/public/js/compiled/app.js" in 0.66 seconds.
notifying browser that file changed:  resources\public\js\compiled\out\sonic\events.js
Compiling build :dev to "resources/public/js/compiled/app.js" from ["src/cljs"]...
Successfully compiled build :dev to "resources/public/js/compiled/app.js" in 0.85 seconds.
notifying browser that file changed:  resources\public\js\compiled\out\sonic\tests.js
Compiling build :dev to "resources/public/js/compiled/app.js" from ["src/cljs"]...
Successfully compiled build :dev to "resources/public/js/compiled/app.js" in 0.853 seconds.
notifying browser that file changed:  resources\public\js\compiled\out\sonic\events.js
Compiling build :dev to "resources/public/js/compiled/app.js" from ["src/cljs"]...
Successfully compiled build :dev to "resources/public/js/compiled/app.js" in 0.707 seconds.
notifying browser that file changed:  resources\public\js\compiled\out\sonic\events.js
Compiling build :dev to "resources/public/js/compiled/app.js" from ["src/cljs"]...
Successfully compiled build :dev to "resources/public/js/compiled/app.js" in 0.83 seconds.
notifying browser that file changed:  resources\public\js\compiled\out\sonic\events.js
Compiling build :dev to "resources/public/js/compiled/app.js" from ["src/cljs"]...
Successfully compiled build :dev to "resources/public/js/compiled/app.js" in 0.718 seconds.
notifying browser that file changed:  resources\public\js\compiled\out\sonic\events.js
Compiling build :dev to "resources/public/js/compiled/app.js" from ["src/cljs"]...
Successfully compiled build :dev to "resources/public/js/compiled/app.js" in 0.726 seconds.
notifying browser that file changed:  resources\public\js\compiled\out\sonic\events.js
Compiling build :dev to "resources/public/js/compiled/app.js" from ["src/cljs"]...
Successfully compiled build :dev to "resources/public/js/compiled/app.js" in 0.669 seconds.
notifying browser that file changed:  resources\public\js\compiled\out\sonic\events.js
Compiling build :dev to "resources/public/js/compiled/app.js" from ["src/cljs"]...
----  Compiler Warning on   src/cljs/sonic/tests.cljs   line:38  column:16  ----

  Use of undeclared Var sonic.tests/playerSystemsActive?

  34    (is (= 100 (-> (events/chargeShields (:playerShip db/default-db) 10)
  35                  (:shields))))
  36    (is (= 100 (events/calcShieldsMax 1)))
  37    (is (= false (events/systemDisabled? :weapons :playerShip)))
  38    (is (= true (playerSystemsActive? :shields)))
                     ^--- Use of undeclared Var sonic.tests/playerSystemsActive?
  39  
  40  
  41    )
  42  
  43  (run-tests)

----  Compiler Warning : Please see src/cljs/sonic/tests.cljs  ----
Successfully compiled build :dev to "resources/public/js/compiled/app.js" in 0.886 seconds.
notifying browser that file changed:  resources\public\js\compiled\out\sonic\tests.js
Compiling build :dev to "resources/public/js/compiled/app.js" from ["src/cljs"]...
----  Compiler Warning on   src/cljs/sonic/events.cljs   line:143  column:7  ----

  Use of undeclared Var sonic.events/systemtype

  139    [systemType]
  140    (let [ship @(rf/subscribe [:playerShip])
  141          system (systemType (:systems ship))]
  142      (if (> (get system 0) 0)
  143        systemtype
             ^--- Use of undeclared Var sonic.events/systemtype
  144        false)))
  145  
  146  ;calls chargeShields on enemyShip and updates value
  147  (rf/reg-event-fx 
  148    :enemyChargeShields

----  Compiler Warning : Please see src/cljs/sonic/events.cljs  ----
Successfully compiled build :dev to "resources/public/js/compiled/app.js" in 0.714 seconds.
notifying browser that file changed:  resources\public\js\compiled\out\sonic\events.js
Compiling build :dev to "resources/public/js/compiled/app.js" from ["src/cljs"]...
Successfully compiled build :dev to "resources/public/js/compiled/app.js" in 0.69 seconds.
notifying browser that file changed:  resources\public\js\compiled\out\sonic\events.js
Compiling build :dev to "resources/public/js/compiled/app.js" from ["src/cljs"]...
Successfully compiled build :dev to "resources/public/js/compiled/app.js" in 0.667 seconds.
notifying browser that file changed:  resources\public\js\compiled\out\sonic\events.js
Compiling build :dev to "resources/public/js/compiled/app.js" from ["src/cljs"]...
----  Compiler Warning on   src/cljs/sonic/tests.cljs   line:38  column:20  ----

  Use of undeclared Var sonic.tests/playerSystemsActive?

  34    (is (= 100 (-> (events/chargeShields (:playerShip db/default-db) 10)
  35                  (:shields))))
  36    (is (= 100 (events/calcShieldsMax 1)))
  37    (is (= false (events/systemDisabled? :weapons :playerShip)))
  38    (is (= :shields (playerSystemsActive? :shields)))
                         ^--- Use of undeclared Var sonic.tests/playerSystemsActive?
  39  
  40  
  41    )
  42  
  43  (run-tests)

----  Compiler Warning : Please see src/cljs/sonic/tests.cljs  ----
Successfully compiled build :dev to "resources/public/js/compiled/app.js" in 0.839 seconds.
notifying browser that file changed:  resources\public\js\compiled\out\sonic\tests.js
Compiling build :dev to "resources/public/js/compiled/app.js" from ["src/cljs"]...
Successfully compiled build :dev to "resources/public/js/compiled/app.js" in 0.713 seconds.
notifying browser that file changed:  resources\public\js\compiled\out\sonic\tests.js
Compiling build :dev to "resources/public/js/compiled/app.js" from ["src/cljs"]...
Successfully compiled build :dev to "resources/public/js/compiled/app.js" in 0.739 seconds.
notifying browser that file changed:  resources\public\js\compiled\out\sonic\tests.js
Compiling build :dev to "resources/public/js/compiled/app.js" from ["src/cljs"]...
Successfully compiled build :dev to "resources/public/js/compiled/app.js" in 0.757 seconds.
notifying browser that file changed:  resources\public\js\compiled\out\sonic\tests.js
Compiling build :dev to "resources/public/js/compiled/app.js" from ["src/cljs"]...
Successfully compiled build :dev to "resources/public/js/compiled/app.js" in 0.757 seconds.
notifying browser that file changed:  resources\public\js\compiled\out\sonic\tests.js
Compiling build :dev to "resources/public/js/compiled/app.js" from ["src/cljs"]...
Successfully compiled build :dev to "resources/public/js/compiled/app.js" in 0.815 seconds.
notifying browser that file changed:  resources/public/js/compiled/out/cljs_deps.js
notifying browser that file changed:  resources\public\js\compiled\out\sonic\core.js
Compiling build :dev to "resources/public/js/compiled/app.js" from ["src/cljs"]...
Successfully compiled build :dev to "resources/public/js/compiled/app.js" in 0.767 seconds.
notifying browser that file changed:  resources\public\js\compiled\out\sonic\tests.js
Compiling build :dev to "resources/public/js/compiled/app.js" from ["src/cljs"]...
Successfully compiled build :dev to "resources/public/js/compiled/app.js" in 0.781 seconds.
notifying browser that file changed:  resources\public\js\compiled\out\sonic\tests.js
Compiling build :dev to "resources/public/js/compiled/app.js" from ["src/cljs"]...
Successfully compiled build :dev to "resources/public/js/compiled/app.js" in 1.141 seconds.
notifying browser that file changed:  resources/public/js/compiled/out/goog/deps.js
notifying browser that file changed:  resources/public/js/compiled/out/cljs_deps.js
notifying browser that file changed:  resources\public\js\compiled\out\sonic\tests.js
Compiling build :dev to "resources/public/js/compiled/app.js" from ["src/cljs"]...
Successfully compiled build :dev to "resources/public/js/compiled/app.js" in 1.115 seconds.
notifying browser that file changed:  resources\public\js\compiled\out\sonic\tests.js
Compiling build :dev to "resources/public/js/compiled/app.js" from ["src/cljs"]...
Successfully compiled build :dev to "resources/public/js/compiled/app.js" in 0.915 seconds.
notifying browser that file changed:  resources\public\js\compiled\out\sonic\events.js
Compiling build :dev to "resources/public/js/compiled/app.js" from ["src/cljs"]...
Successfully compiled build :dev to "resources/public/js/compiled/app.js" in 1.334 seconds.
notifying browser that file changed:  resources\public\js\compiled\out\sonic\tests.js
Compiling build :dev to "resources/public/js/compiled/app.js" from ["src/cljs"]...
----  Compiler Warning on   src/cljs/sonic/events.cljs   line:23  column:19  ----

  Use of undeclared Var re-frame.core/subsribe

  20  ;checks if system on ship is disabled (0HP)
  21  (defn systemDisabled?
  22    [system type]
  23    (if (>= 0 (-> @(rf/subsribe [type])
                        ^--- Use of undeclared Var re-frame.core/subsribe
  24                  (:systems)
  25                  (system)
  26                  (get 0)))
  27      true
  28      false))

----  Compiler Warning : Please see src/cljs/sonic/events.cljs  ----
Successfully compiled build :dev to "resources/public/js/compiled/app.js" in 0.982 seconds.
notifying browser that file changed:  resources\public\js\compiled\out\sonic\events.js
Compiling build :dev to "resources/public/js/compiled/app.js" from ["src/cljs"]...
----  Compiler Warning on   src/cljs/sonic/events.cljs   line:23  column:19  ----

  Use of undeclared Var re-frame.core/subsribe

  20  ;checks if system on ship is disabled (0HP)
  21  (defn systemDisabled?
  22    [system type]
  23    (if (>= 0 (-> @(rf/subsribe [type])
                        ^--- Use of undeclared Var re-frame.core/subsribe
  24                  (:systems)
  25                  (system)
  26                  (get 0)))
  27      true
  28      false))

----  Compiler Warning : Please see src/cljs/sonic/events.cljs  ----
Successfully compiled build :dev to "resources/public/js/compiled/app.js" in 1.029 seconds.
notifying browser that file changed:  resources\public\js\compiled\out\sonic\tests.js
Compiling build :dev to "resources/public/js/compiled/app.js" from ["src/cljs"]...
----  Compiler Warning on   src/cljs/sonic/events.cljs   line:23  column:19  ----

  Use of undeclared Var re-frame.core/subsribe

  20  ;checks if system on ship is disabled (0HP)
  21  (defn systemDisabled?
  22    [system type]
  23    (if (>= 0 (-> @(rf/subsribe [type])
                        ^--- Use of undeclared Var re-frame.core/subsribe
  24                  (:systems)
  25                  (system)
  26                  (get 0)))
  27      true
  28      false))

----  Compiler Warning : Please see src/cljs/sonic/events.cljs  ----
Successfully compiled build :dev to "resources/public/js/compiled/app.js" in 0.772 seconds.
notifying browser that file changed:  resources\public\js\compiled\out\sonic\events.js
Compiling build :dev to "resources/public/js/compiled/app.js" from ["src/cljs"]...
----  Compiler Warning on   src/cljs/sonic/events.cljs   line:23  column:19  ----

  Use of undeclared Var re-frame.core/subsribe

  20  ;checks if system on ship is disabled (0HP)
  21  (defn systemDisabled?
  22    [system type]
  23    (if (>= 0 (-> @(rf/subsribe [type])
                        ^--- Use of undeclared Var re-frame.core/subsribe
  24                  (:systems)
  25                  (system)
  26                  (get 0)))
  27      true
  28      false))

----  Compiler Warning : Please see src/cljs/sonic/events.cljs  ----
Successfully compiled build :dev to "resources/public/js/compiled/app.js" in 0.823 seconds.
notifying browser that file changed:  resources\public\js\compiled\out\sonic\events.js
Compiling build :dev to "resources/public/js/compiled/app.js" from ["src/cljs"]...
Successfully compiled build :dev to "resources/public/js/compiled/app.js" in 0.743 seconds.
notifying browser that file changed:  resources\public\js\compiled\out\sonic\events.js
